[2021-07-22T18:57:00.133] [DEBUG] cheese - login => username:admin,password:123456
[2021-07-22T18:57:00.137] [DEBUG] cheese - admin
[2021-07-22T18:57:00.159] [DEBUG] cheese - null
[2021-07-22T18:57:00.159] [DEBUG] cheese - null
[2021-07-31T01:12:21.334] [DEBUG] cheese - login => username:admin,password:123456
[2021-07-31T01:12:21.337] [DEBUG] cheese - admin
[2021-07-31T01:12:21.390] [DEBUG] cheese - null
[2021-07-31T01:12:21.391] [DEBUG] cheese - null
[2021-07-31T01:12:56.036] [DEBUG] cheese - login => username:admin,password:123456
[2021-07-31T01:12:56.036] [DEBUG] cheese - admin
[2021-07-31T01:12:56.040] [DEBUG] cheese - null
[2021-07-31T01:12:56.040] [DEBUG] cheese - null
[2021-07-31T01:16:29.088] [DEBUG] cheese - login => username:admin,password:123456
[2021-07-31T01:16:29.089] [DEBUG] cheese - admin
[2021-07-31T01:16:29.092] [DEBUG] cheese - null
[2021-07-31T01:16:29.093] [DEBUG] cheese - null
[2021-07-31T01:16:42.349] [DEBUG] cheese - login => username:admin11,password:123456
[2021-07-31T01:16:42.349] [DEBUG] cheese - admin11
[2021-07-31T01:16:42.351] [DEBUG] cheese - null
[2021-07-31T01:16:42.352] [DEBUG] cheese - null
[2021-07-31T01:17:37.967] [DEBUG] cheese - login => username:admin,password:123456
[2021-07-31T01:17:37.967] [DEBUG] cheese - admin
[2021-07-31T01:17:37.972] [DEBUG] cheese - null
[2021-07-31T01:17:37.972] [DEBUG] cheese - null
[2021-07-31T01:17:44.199] [DEBUG] cheese - login => username:1212,password:123456
[2021-07-31T01:17:44.199] [DEBUG] cheese - 1212
[2021-07-31T01:17:44.202] [DEBUG] cheese - null
[2021-07-31T01:17:44.202] [DEBUG] cheese - null
[2021-07-31T01:18:14.124] [DEBUG] cheese - login => username:qw23,password:123412
[2021-07-31T01:18:14.124] [DEBUG] cheese - qw23
[2021-07-31T01:18:14.128] [DEBUG] cheese - null
[2021-07-31T01:18:14.128] [DEBUG] cheese - null
[2021-07-31T01:31:21.849] [DEBUG] cheese - login => username:sdfasdfasd,password:asdfasdfasdf
[2021-07-31T01:31:21.850] [DEBUG] cheese - sdfasdfasd
[2021-07-31T01:31:21.857] [DEBUG] cheese - null
[2021-07-31T01:31:21.857] [DEBUG] cheese - null
[2021-07-31T10:45:10.046] [DEBUG] cheese - login => username:asfdasdf,password:asdfasdf
[2021-07-31T10:45:10.047] [DEBUG] cheese - asfdasdf
[2021-07-31T10:45:10.054] [DEBUG] cheese - null
[2021-07-31T10:45:10.055] [DEBUG] cheese - null
[2021-07-31T10:47:19.406] [DEBUG] cheese - login => username:asdfasf,password:asdfasfsd
[2021-07-31T10:47:19.406] [DEBUG] cheese - asdfasf
[2021-07-31T10:47:19.409] [DEBUG] cheese - null
[2021-07-31T10:47:19.410] [DEBUG] cheese - null
[2021-07-31T10:48:05.446] [DEBUG] cheese - login => username:admin2,password:aa1231231
[2021-07-31T10:48:05.446] [DEBUG] cheese - admin2
[2021-07-31T10:48:05.448] [DEBUG] cheese - null
[2021-07-31T10:48:05.449] [DEBUG] cheese - null
[2021-07-31T10:49:04.163] [DEBUG] cheese - login => username:admin,password:aa2213123
[2021-07-31T10:49:04.163] [DEBUG] cheese - admin
[2021-07-31T10:49:04.171] [DEBUG] cheese - null
[2021-07-31T10:49:04.171] [DEBUG] cheese - null
[2021-07-31T10:49:10.925] [DEBUG] cheese - login => username:admin,password:123456
[2021-07-31T10:49:10.926] [DEBUG] cheese - admin
[2021-07-31T10:49:10.928] [DEBUG] cheese - null
[2021-07-31T10:49:10.928] [DEBUG] cheese - null
[2021-07-31T10:52:56.740] [DEBUG] cheese - login => username:asfasdf,password:asdfasdf
[2021-07-31T10:52:56.740] [DEBUG] cheese - asfasdf
[2021-07-31T10:52:56.743] [DEBUG] cheese - null
[2021-07-31T10:52:56.743] [DEBUG] cheese - null
[2021-07-31T10:53:24.247] [DEBUG] cheese - login => username:werwer,password:werwerwer
[2021-07-31T10:53:24.248] [DEBUG] cheese - werwer
[2021-07-31T10:53:24.252] [DEBUG] cheese - null
[2021-07-31T10:53:24.252] [DEBUG] cheese - null
[2021-07-31T10:55:45.978] [DEBUG] cheese - login => username:adadsd,password:23232323
[2021-07-31T10:55:45.978] [DEBUG] cheese - adadsd
[2021-07-31T10:55:45.984] [DEBUG] cheese - null
[2021-07-31T10:55:45.984] [DEBUG] cheese - null
[2021-07-31T10:57:20.618] [DEBUG] cheese - login => username:asdfasd,password:asdfasdfasdf
[2021-07-31T10:57:20.619] [DEBUG] cheese - asdfasd
[2021-07-31T10:57:20.623] [DEBUG] cheese - null
[2021-07-31T10:57:20.623] [DEBUG] cheese - null
[2021-07-31T11:04:19.695] [DEBUG] cheese - login => username:adminaaa,password:adsadfasdf
[2021-07-31T11:04:19.695] [DEBUG] cheese - adminaaa
[2021-07-31T11:04:19.702] [DEBUG] cheese - null
[2021-07-31T11:04:19.702] [DEBUG] cheese - null
[2021-07-31T11:04:23.635] [DEBUG] cheese - login => username:adminaaa,password:adsadfasdf
[2021-07-31T11:04:23.635] [DEBUG] cheese - adminaaa
[2021-07-31T11:04:23.637] [DEBUG] cheese - null
[2021-07-31T11:04:23.638] [DEBUG] cheese - null
[2021-07-31T11:04:47.775] [DEBUG] cheese - login => username:asdfasdf,password:asdfasdfasfd
[2021-07-31T11:04:47.775] [DEBUG] cheese - asdfasdf
[2021-07-31T11:04:47.778] [DEBUG] cheese - null
[2021-07-31T11:04:47.778] [DEBUG] cheese - null
[2021-07-31T11:05:11.593] [DEBUG] cheese - login => username:asdfasd,password:asdfasdf
[2021-07-31T11:05:11.593] [DEBUG] cheese - asdfasd
[2021-07-31T11:05:11.596] [DEBUG] cheese - null
[2021-07-31T11:05:11.596] [DEBUG] cheese - null
[2021-07-31T11:05:27.085] [DEBUG] cheese - login => username:aajslasdf,password:assssss
[2021-07-31T11:05:27.085] [DEBUG] cheese - aajslasdf
[2021-07-31T11:05:27.087] [DEBUG] cheese - null
[2021-07-31T11:05:27.087] [DEBUG] cheese - null
[2021-07-31T11:05:38.237] [DEBUG] cheese - login => username:admin,password:123456
[2021-07-31T11:05:38.237] [DEBUG] cheese - admin
[2021-07-31T11:05:38.242] [DEBUG] cheese - null
[2021-07-31T11:05:38.242] [DEBUG] cheese - null
[2021-07-31T11:15:36.057] [DEBUG] cheese - login => username:admin,password:123456
[2021-07-31T11:15:36.057] [DEBUG] cheese - admin
[2021-07-31T11:15:36.061] [DEBUG] cheese - null
[2021-07-31T11:15:36.061] [DEBUG] cheese - null
[2021-07-31T11:15:52.592] [DEBUG] cheese - login => username:admin,password:aaadddd
[2021-07-31T11:15:52.592] [DEBUG] cheese - admin
[2021-07-31T11:15:52.595] [DEBUG] cheese - null
[2021-07-31T11:15:52.595] [DEBUG] cheese - null
[2021-07-31T11:27:57.195] [DEBUG] cheese - login => username:admin,password:aaaadddd
[2021-07-31T11:27:57.195] [DEBUG] cheese - admin
[2021-07-31T11:27:57.198] [DEBUG] cheese - null
[2021-07-31T11:27:57.198] [DEBUG] cheese - null
[2021-07-31T11:28:16.369] [DEBUG] cheese - login => username:admin,password:123456
[2021-07-31T11:28:16.369] [DEBUG] cheese - admin
[2021-07-31T11:28:16.372] [DEBUG] cheese - null
[2021-07-31T11:28:16.372] [DEBUG] cheese - null
[2021-07-31T11:28:36.834] [DEBUG] cheese - login => username:admin,password:123456
[2021-07-31T11:28:36.834] [DEBUG] cheese - admin
[2021-07-31T11:28:36.837] [DEBUG] cheese - null
[2021-07-31T11:28:36.837] [DEBUG] cheese - null
[2021-07-31T11:30:05.289] [DEBUG] cheese - login => username:admin,password:123456
[2021-07-31T11:30:05.289] [DEBUG] cheese - admin
[2021-07-31T11:30:05.292] [DEBUG] cheese - null
[2021-07-31T11:30:05.292] [DEBUG] cheese - null
[2021-07-31T11:30:54.482] [DEBUG] cheese - login => username:admin,password:123456
[2021-07-31T11:30:54.483] [DEBUG] cheese - admin
[2021-07-31T11:30:54.486] [DEBUG] cheese - null
[2021-07-31T11:30:54.486] [DEBUG] cheese - null
[2021-07-31T11:31:58.809] [DEBUG] cheese - login => username:admin,password:123456
[2021-07-31T11:31:58.809] [DEBUG] cheese - admin
[2021-07-31T11:31:58.813] [DEBUG] cheese - null
[2021-07-31T11:31:58.813] [DEBUG] cheese - null
[2021-08-01T01:58:15.571] [DEBUG] cheese - login => username:admin,password:123456
[2021-08-01T01:58:15.572] [DEBUG] cheese - admin
[2021-08-01T01:58:15.637] [DEBUG] cheese - null
[2021-08-01T01:58:15.638] [DEBUG] cheese - null
[2021-08-01T01:59:47.908] [DEBUG] cheese - login => username:admin,password:123456
[2021-08-01T01:59:47.908] [DEBUG] cheese - admin
[2021-08-01T01:59:47.911] [DEBUG] cheese - null
[2021-08-01T01:59:47.911] [DEBUG] cheese - null
[2021-08-01T02:00:08.089] [DEBUG] cheese - login => username:admin,password:123456
[2021-08-01T02:00:08.089] [DEBUG] cheese - admin
[2021-08-01T02:00:08.096] [DEBUG] cheese - null
[2021-08-01T02:00:08.096] [DEBUG] cheese - null
[2021-08-01T02:03:41.585] [DEBUG] cheese - login => username:admin,password:123456
[2021-08-01T02:03:41.585] [DEBUG] cheese - admin
[2021-08-01T02:03:41.592] [DEBUG] cheese - null
[2021-08-01T02:03:41.592] [DEBUG] cheese - null
[2021-08-01T02:05:47.253] [DEBUG] cheese - login => username:admin,password:123456
[2021-08-01T02:05:47.254] [DEBUG] cheese - admin
[2021-08-01T02:05:47.256] [DEBUG] cheese - null
[2021-08-01T02:05:47.256] [DEBUG] cheese - null
[2021-08-01T02:07:24.901] [DEBUG] cheese - login => username:admin,password:123456
[2021-08-01T02:07:24.901] [DEBUG] cheese - admin
[2021-08-01T02:07:24.904] [DEBUG] cheese - null
[2021-08-01T02:07:24.904] [DEBUG] cheese - null
[2021-08-01T02:09:04.649] [DEBUG] cheese - login => username:admin,password:123456
[2021-08-01T02:09:04.649] [DEBUG] cheese - admin
[2021-08-01T02:09:04.683] [DEBUG] cheese - null
[2021-08-01T02:09:04.683] [DEBUG] cheese - null
[2021-08-01T02:10:31.677] [DEBUG] cheese - login => username:admin,password:123456
[2021-08-01T02:10:31.677] [DEBUG] cheese - admin
[2021-08-01T02:10:31.686] [DEBUG] cheese - null
[2021-08-01T02:10:31.686] [DEBUG] cheese - null
[2021-08-01T02:10:57.763] [DEBUG] cheese - login => username:admin,password:123456
[2021-08-01T02:10:57.764] [DEBUG] cheese - admin
[2021-08-01T02:10:57.769] [DEBUG] cheese - null
[2021-08-01T02:10:57.769] [DEBUG] cheese - null
[2021-08-01T02:11:30.248] [DEBUG] cheese - login => username:admin,password:123456
[2021-08-01T02:11:30.248] [DEBUG] cheese - admin
[2021-08-01T02:11:30.260] [DEBUG] cheese - null
[2021-08-01T02:11:30.260] [DEBUG] cheese - null
[2021-08-01T02:11:36.930] [DEBUG] cheese - login => username:admin,password:123456
[2021-08-01T02:11:36.930] [DEBUG] cheese - admin
[2021-08-01T02:11:36.932] [DEBUG] cheese - null
[2021-08-01T02:11:36.933] [DEBUG] cheese - null
[2021-08-01T02:11:48.143] [DEBUG] cheese - login => username:admin,password:123456
[2021-08-01T02:11:48.143] [DEBUG] cheese - admin
[2021-08-01T02:11:48.146] [DEBUG] cheese - null
[2021-08-01T02:11:48.146] [DEBUG] cheese - null
[2021-08-01T02:12:16.934] [DEBUG] cheese - login => username:admin,password:123456
[2021-08-01T02:12:16.934] [DEBUG] cheese - admin
[2021-08-01T02:12:16.937] [DEBUG] cheese - null
[2021-08-01T02:12:16.937] [DEBUG] cheese - null
[2021-08-01T02:12:50.912] [DEBUG] cheese - login => username:admin,password:123456
[2021-08-01T02:12:50.913] [DEBUG] cheese - admin
[2021-08-01T02:12:50.916] [DEBUG] cheese - null
[2021-08-01T02:12:50.916] [DEBUG] cheese - null
[2021-08-01T02:13:13.547] [DEBUG] cheese - login => username:admin,password:123456
[2021-08-01T02:13:13.547] [DEBUG] cheese - admin
[2021-08-01T02:13:13.550] [DEBUG] cheese - null
[2021-08-01T02:13:13.550] [DEBUG] cheese - null
[2021-08-01T02:13:41.409] [DEBUG] cheese - login => username:admin,password:123456
[2021-08-01T02:13:41.409] [DEBUG] cheese - admin
[2021-08-01T02:13:41.412] [DEBUG] cheese - null
[2021-08-01T02:13:41.412] [DEBUG] cheese - null
[2021-08-01T02:14:58.195] [DEBUG] cheese - login => username:admin,password:123456
[2021-08-01T02:14:58.195] [DEBUG] cheese - admin
[2021-08-01T02:14:58.201] [DEBUG] cheese - null
[2021-08-01T02:14:58.201] [DEBUG] cheese - null
[2021-08-01T02:19:02.856] [DEBUG] cheese - login => username:admin,password:123456
[2021-08-01T02:19:02.856] [DEBUG] cheese - admin
[2021-08-01T02:19:02.863] [DEBUG] cheese - null
[2021-08-01T02:19:02.864] [DEBUG] cheese - null
[2021-08-01T02:22:36.646] [DEBUG] cheese - login => username:admin,password:123456
[2021-08-01T02:22:36.646] [DEBUG] cheese - admin
[2021-08-01T02:22:36.649] [DEBUG] cheese - null
[2021-08-01T02:22:36.649] [DEBUG] cheese - null
[2021-08-01T02:22:43.226] [DEBUG] cheese - login => username:admin,password:123456
[2021-08-01T02:22:43.226] [DEBUG] cheese - admin
[2021-08-01T02:22:43.229] [DEBUG] cheese - null
[2021-08-01T02:22:43.230] [DEBUG] cheese - null
[2021-08-01T02:28:10.606] [DEBUG] cheese - login => username:admin,password:123456
[2021-08-01T02:28:10.606] [DEBUG] cheese - admin
[2021-08-01T02:28:10.610] [DEBUG] cheese - null
[2021-08-01T02:28:10.610] [DEBUG] cheese - null
[2021-08-01T02:28:35.389] [DEBUG] cheese - login => username:admin,password:123456
[2021-08-01T02:28:35.389] [DEBUG] cheese - admin
[2021-08-01T02:28:35.411] [DEBUG] cheese - null
[2021-08-01T02:28:35.412] [DEBUG] cheese - null
[2021-08-01T02:28:56.814] [DEBUG] cheese - login => username:admin,password:123456
[2021-08-01T02:28:56.814] [DEBUG] cheese - admin
[2021-08-01T02:28:56.817] [DEBUG] cheese - null
[2021-08-01T02:28:56.817] [DEBUG] cheese - null
[2021-08-01T02:29:02.580] [DEBUG] cheese - login => username:admin,password:123456
[2021-08-01T02:29:02.580] [DEBUG] cheese - admin
[2021-08-01T02:29:02.583] [DEBUG] cheese - null
[2021-08-01T02:29:02.583] [DEBUG] cheese - null
[2021-08-01T02:29:13.008] [DEBUG] cheese - login => username:adminsdfww,password:123456
[2021-08-01T02:29:13.009] [DEBUG] cheese - adminsdfww
[2021-08-01T02:29:13.015] [DEBUG] cheese - null
[2021-08-01T02:29:13.015] [DEBUG] cheese - null
[2021-08-01T02:29:18.072] [DEBUG] cheese - login => username:admi22,password:123456
[2021-08-01T02:29:18.072] [DEBUG] cheese - admi22
[2021-08-01T02:29:18.074] [DEBUG] cheese - null
[2021-08-01T02:29:18.074] [DEBUG] cheese - null
[2021-08-01T03:01:32.849] [DEBUG] cheese - login => username:admin,password:123456
[2021-08-01T03:01:32.850] [DEBUG] cheese - admin
[2021-08-01T03:01:32.857] [DEBUG] cheese - null
[2021-08-01T03:01:32.857] [DEBUG] cheese - null
[2021-08-01T03:01:35.917] [DEBUG] cheese - login => username:admin,password:123456
[2021-08-01T03:01:35.917] [DEBUG] cheese - admin
[2021-08-01T03:01:35.920] [DEBUG] cheese - null
[2021-08-01T03:01:35.920] [DEBUG] cheese - null
[2021-08-01T12:54:02.922] [DEBUG] cheese - login => username:admin,password:123456
[2021-08-01T12:54:02.923] [DEBUG] cheese - admin
[2021-08-01T12:54:02.939] [DEBUG] cheese - null
[2021-08-01T12:54:02.940] [DEBUG] cheese - null
[2021-08-01T14:28:57.927] [DEBUG] cheese - login => username:admin,password:123456
[2021-08-01T14:28:57.930] [DEBUG] cheese - admin
[2021-08-01T14:28:57.949] [DEBUG] cheese - null
[2021-08-01T14:28:57.950] [DEBUG] cheese - null
[2021-08-01T14:29:03.935] [DEBUG] cheese - login => username:admin,password:123456
[2021-08-01T14:29:03.935] [DEBUG] cheese - admin
[2021-08-01T14:29:03.937] [DEBUG] cheese - null
[2021-08-01T14:29:03.937] [DEBUG] cheese - null
[2021-08-01T15:16:56.502] [DEBUG] cheese - login => username:admin,password:123456
[2021-08-01T15:16:56.503] [DEBUG] cheese - admin
[2021-08-01T15:16:56.514] [DEBUG] cheese - null
[2021-08-01T15:16:56.514] [DEBUG] cheese - null
[2021-08-01T16:29:31.222] [DEBUG] cheese - login => username:admin,password:123456
[2021-08-01T16:29:31.223] [DEBUG] cheese - admin
[2021-08-01T16:29:31.234] [DEBUG] cheese - null
[2021-08-01T16:29:31.234] [DEBUG] cheese - null
[2021-08-01T16:59:55.392] [DEBUG] cheese - login => username:admin,password:123456
[2021-08-01T16:59:55.392] [DEBUG] cheese - admin
[2021-08-01T16:59:55.396] [DEBUG] cheese - null
[2021-08-01T16:59:55.396] [DEBUG] cheese - null
[2021-08-01T17:04:23.190] [DEBUG] cheese - login => username:admin,password:123456
[2021-08-01T17:04:23.190] [DEBUG] cheese - admin
[2021-08-01T17:04:23.193] [DEBUG] cheese - null
[2021-08-01T17:04:23.193] [DEBUG] cheese - null
[2021-08-08T22:45:31.659] [DEBUG] cheese - login => username:admin,password:123456
[2021-08-08T22:45:31.662] [DEBUG] cheese - admin
[2021-08-08T22:45:31.688] [DEBUG] cheese - null
[2021-08-08T22:45:31.689] [DEBUG] cheese - null
[2021-08-08T22:45:43.369] [DEBUG] cheese - null
[2021-08-08T22:54:01.883] [DEBUG] cheese - null
[2021-08-08T22:54:05.713] [DEBUG] cheese - null
[2021-08-08T22:54:16.011] [DEBUG] cheese - null
[2021-08-08T22:54:25.277] [DEBUG] cheese - null
[2021-08-08T22:55:19.940] [DEBUG] cheese - null
[2021-08-08T22:56:31.068] [DEBUG] cheese - null
[2021-08-08T22:56:33.347] [DEBUG] cheese - null
[2021-08-08T22:56:35.664] [DEBUG] cheese - null
[2021-08-08T22:56:51.869] [DEBUG] cheese - null
[2021-08-08T22:57:00.654] [DEBUG] cheese - null
[2021-08-09T00:00:41.796] [DEBUG] cheese - null
[2021-08-09T00:00:44.349] [DEBUG] cheese - null
[2021-08-09T00:00:46.022] [DEBUG] cheese - null
[2021-08-09T00:00:48.003] [DEBUG] cheese - null
[2021-08-09T00:00:49.968] [DEBUG] cheese - null
[2021-08-09T00:05:01.852] [DEBUG] cheese - login => username:admin,password:123456
[2021-08-09T00:05:01.852] [DEBUG] cheese - admin
[2021-08-09T00:05:01.857] [DEBUG] cheese - null
[2021-08-09T00:05:01.857] [DEBUG] cheese - null
[2021-08-09T00:05:15.692] [DEBUG] cheese - login => username:linken,password:123456
[2021-08-09T00:05:15.692] [DEBUG] cheese - linken
[2021-08-09T00:05:15.696] [DEBUG] cheese - null
[2021-08-09T00:05:15.696] [DEBUG] cheese - null
[2021-08-09T00:05:19.298] [DEBUG] cheese - login => username:admin,password:123456
[2021-08-09T00:05:19.298] [DEBUG] cheese - admin
[2021-08-09T00:05:19.304] [DEBUG] cheese - null
[2021-08-09T00:05:19.304] [DEBUG] cheese - null
[2021-08-09T00:06:20.717] [DEBUG] cheese - login => username:admin4,password:123456
[2021-08-09T00:06:20.718] [DEBUG] cheese - admin4
[2021-08-09T00:06:20.722] [DEBUG] cheese - null
[2021-08-09T00:06:20.722] [DEBUG] cheese - null
[2021-08-09T00:06:29.001] [DEBUG] cheese - login => username:admin,password:123456
[2021-08-09T00:06:29.001] [DEBUG] cheese - admin
[2021-08-09T00:06:29.005] [DEBUG] cheese - null
[2021-08-09T00:06:29.005] [DEBUG] cheese - null
[2021-08-10T10:55:18.041] [DEBUG] cheese - login => username:admin,password:123456
[2021-08-10T10:55:18.042] [DEBUG] cheese - admin
[2021-08-10T10:55:18.058] [DEBUG] cheese - null
[2021-08-10T10:55:18.058] [DEBUG] cheese - null
[2021-08-11T23:21:15.881] [DEBUG] cheese - login => username:admin,password:123456
[2021-08-11T23:21:15.882] [DEBUG] cheese - admin
[2021-08-11T23:21:15.905] [DEBUG] cheese - null
[2021-08-11T23:21:15.905] [DEBUG] cheese - null
[2021-08-12T00:16:11.321] [DEBUG] cheese - login => username:admin,password:123456
[2021-08-12T00:16:11.322] [DEBUG] cheese - admin
[2021-08-12T00:16:11.331] [DEBUG] cheese - null
[2021-08-12T00:16:11.332] [DEBUG] cheese - null
[2021-08-12T00:37:35.389] [DEBUG] cheese - login => username:admin,password:123456
[2021-08-12T00:37:35.391] [DEBUG] cheese - admin
[2021-08-12T00:37:35.397] [DEBUG] cheese - null
[2021-08-12T00:37:35.397] [DEBUG] cheese - null
[2021-08-12T01:16:30.077] [DEBUG] cheese - login => username:admin,password:123456
[2021-08-12T01:16:30.080] [DEBUG] cheese - admin
[2021-08-12T01:16:30.087] [DEBUG] cheese - null
[2021-08-12T01:16:30.088] [DEBUG] cheese - null
[2021-08-12T01:19:50.938] [DEBUG] cheese - login => username:admin,password:123456
[2021-08-12T01:19:50.938] [DEBUG] cheese - admin
[2021-08-12T01:19:50.945] [DEBUG] cheese - null
[2021-08-12T01:19:50.946] [DEBUG] cheese - null
[2021-08-13T11:07:12.531] [DEBUG] cheese - login => username:admin,password:123456
[2021-08-13T11:07:12.536] [DEBUG] cheese - admin
[2021-08-13T11:07:12.554] [DEBUG] cheese - null
[2021-08-13T11:07:12.555] [DEBUG] cheese - null
[2021-08-14T11:17:32.480] [DEBUG] cheese - login => username:admin,password:123456
[2021-08-14T11:17:32.482] [DEBUG] cheese - admin
[2021-08-14T11:17:32.491] [DEBUG] cheese - null
[2021-08-14T11:17:32.492] [DEBUG] cheese - null
